This file contains any messages produced by compilers while
running configure, to aid debugging if configure makes a mistake.

It was created by configure, which was
generated by GNU Autoconf 2.69.  Invocation command line was

  $ ./configure --with-emacs=/bin/emacs

## --------- ##
## Platform. ##
## --------- ##

hostname = carry
uname -m = x86_64
uname -r = 4.2.8-300.fc23.x86_64
uname -s = Linux
uname -v = #1 SMP Tue Dec 15 16:49:06 UTC 2015

/usr/bin/uname -p = x86_64
/bin/uname -X     = unknown

/bin/arch              = x86_64
/usr/bin/arch -k       = unknown
/usr/convex/getsysinfo = unknown
/usr/bin/hostinfo      = unknown
/bin/machine           = unknown
/usr/bin/oslevel       = unknown
/bin/universe          = unknown

PATH: /home/sial/.pyenv/shims
PATH: /home/sial/.rbenv/shims
PATH: /home/sial/.pyenv/bin
PATH: /home/sial/.bin
PATH: /opt/packer
PATH: /home/sial/projects/go/bin
PATH: /home/sial/downloads/repos/sysadmin-util
PATH: /usr/lib64/qt-3.3/bin
PATH: /usr/lib64/ccache
PATH: /usr/local/bin
PATH: /usr/bin
PATH: /home/sial/.bin
PATH: /opt/go/bin/
PATH: /usr/local/sbin
PATH: /usr/sbin
PATH: /opt/skype/
PATH: /usr/local/sbin/
PATH: /home/sial/.rbenv/bin
PATH: /


## ----------- ##
## Core tests. ##
## ----------- ##

configure:1708: checking whether make sets $(MAKE)
configure:1730: result: yes
configure:1782: checking for a BSD-compatible install
configure:1850: result: /usr/bin/install -c
configure:1863: checking for makeinfo
configure:1891: result: no
configure:1901: checking for texi2dvi
configure:1929: result: false
configure:1939: checking for ptex
configure:1967: result: false
configure:1979: checking for pbibtex
configure:2009: result: no
configure:1979: checking for jbibtex
configure:2009: result: no
configure:2020: checking for dvipdfmx
configure:2048: result: false
configure:2058: checking for texi2pdf
configure:2086: result: false
configure:2098: checking for egrep
configure:2114: found /usr/bin/egrep
configure:2125: result: egrep
configure:2138: checking for cygpath
configure:2166: result: no
configure:2232: checking for /bin/emacs
configure:2263: result: /bin/emacs
configure:2425: checking what a flavor does /bin/emacs have
=> Emacs 24.5
configure:2468: result: Emacs 24.5
configure:2480: checking prefix for /bin/emacs
=> /
configure:2513: result: /
configure:2521: checking where lisp files should go
configure:2543: result: $(datadir)/emacs/site-lisp/w3m/
configure:2703: checking where icon files should go
=> $(prefix)/usr/share/emacs/24.5/etc/images/w3m
configure:2749: result: $(prefix)/usr/share/emacs/24.5/etc/images/w3m
configure:2795: checking for gzip
configure:2813: found /usr/bin/gzip
configure:2825: result: /usr/bin/gzip
configure:3006: creating ./config.status

## ---------------------- ##
## Running config.status. ##
## ---------------------- ##

This file was extended by config.status, which was
generated by GNU Autoconf 2.69.  Invocation command line was

  CONFIG_FILES    = 
  CONFIG_HEADERS  = 
  CONFIG_LINKS    = 
  CONFIG_COMMANDS = 
  $ ./config.status 

on carry

config.status:734: creating Makefile
config.status:734: creating doc/Makefile

## ---------------- ##
## Cache variables. ##
## ---------------- ##

EMACS_cv_SYS_flavor='Emacs 24.5'
EMACS_cv_SYS_icondir='$(prefix)/usr/share/emacs/24.5/etc/images/w3m'
EMACS_cv_SYS_prefix=/
ac_cv_env_build_alias_set=
ac_cv_env_build_alias_value=
ac_cv_env_host_alias_set=
ac_cv_env_host_alias_value=
ac_cv_env_target_alias_set=
ac_cv_env_target_alias_value=
ac_cv_path_EMACS=/bin/emacs
ac_cv_path_GZIP_PROG=/usr/bin/gzip
ac_cv_path_install='/usr/bin/install -c'
ac_cv_prog_CYGPATH=no
ac_cv_prog_DVIPDFMX=false
ac_cv_prog_EGREP=egrep
ac_cv_prog_MAKEINFO=no
ac_cv_prog_PTEX=false
ac_cv_prog_TEXI2DVI=false
ac_cv_prog_TEXI2PDF=false
ac_cv_prog_make_make_set=yes

## ----------------- ##
## Output variables. ##
## ----------------- ##

ADDITIONAL_LOAD_PATH='NONE'
COMPRESS_INSTALL='yes'
CYGPATH='no'
DEFS='-DPACKAGE_NAME=\"\" -DPACKAGE_TARNAME=\"\" -DPACKAGE_VERSION=\"\" -DPACKAGE_STRING=\"\" -DPACKAGE_BUGREPORT=\"\" -DPACKAGE_URL=\"\"'
DVIPDFMX='false'
ECHO_C=''
ECHO_N='-n'
ECHO_T=''
EGREP='egrep'
EMACS='/bin/emacs'
GZIP_PROG='/usr/bin/gzip'
ICONDIR='$(prefix)/usr/share/emacs/24.5/etc/images/w3m'
INSTALL_DATA='${INSTALL} -m 644'
INSTALL_PROGRAM='${INSTALL}'
INSTALL_SCRIPT='${INSTALL}'
LIBOBJS=''
LIBS=''
LTLIBOBJS=''
MAKEINFO='no'
PACKAGEDIR='NONE'
PACKAGE_BUGREPORT=''
PACKAGE_NAME=''
PACKAGE_STRING=''
PACKAGE_TARNAME=''
PACKAGE_URL=''
PACKAGE_VERSION=''
PATH_SEPARATOR=':'
PBIBTEX='false'
PTEX='false'
SET_MAKE=''
SHELL='/bin/sh'
TEXI2DVI='false'
TEXI2PDF='false'
VANILLA_FLAG='-q -no-site-file'
XEMACSDEBUG=''
bindir='${exec_prefix}/bin'
build_alias=''
datadir='${datarootdir}'
datarootdir='${prefix}/share'
docdir='${datarootdir}/doc/${PACKAGE}'
dvidir='${docdir}'
exec_prefix='${prefix}'
host_alias=''
htmldir='${docdir}'
includedir='${prefix}/include'
infodir='${datarootdir}/info'
libdir='${exec_prefix}/lib'
libexecdir='${exec_prefix}/libexec'
lispdir='$(datadir)/emacs/site-lisp/w3m'
localedir='${datarootdir}/locale'
localstatedir='${prefix}/var'
mandir='${datarootdir}/man'
oldincludedir='/usr/include'
pdfdir='${docdir}'
prefix='/'
program_transform_name='s,x,x,'
psdir='${docdir}'
sbindir='${exec_prefix}/sbin'
sharedstatedir='${prefix}/com'
sysconfdir='${prefix}/etc'
target_alias=''

## ----------- ##
## confdefs.h. ##
## ----------- ##

/* confdefs.h */
#define PACKAGE_NAME ""
#define PACKAGE_TARNAME ""
#define PACKAGE_VERSION ""
#define PACKAGE_STRING ""
#define PACKAGE_BUGREPORT ""
#define PACKAGE_URL ""

configure: exit 0
